0 0.9492476341503726
1 0.9455459332613518
2 0.9411994776958694
3 0.936172702158504
4 0.9303071175627757
5 0.923395716440083
6 0.9151653951942229
7 0.9052527286239036
8 0.8931717032562578
9 0.8782740133019007
10 0.8597099302201956
11 0.8364190959252948
12 0.807232358800058
13 0.7712609046048919
14 0.7288122007791011
15 0.6827234593967952
16 0.6387639969768226
17 0.6031590055465349
18 0.578714163691152
19 0.5640458062243744
20 0.5560114986196979
21 0.5518415079963418
22 0.5497379663231551
23 0.5486901954530988
24 0.5481691122927788
25 0.5479074367429592
26 0.5477725577215686
27 0.5476993035863145
28 0.5476558256066573
29 0.5476266244474917
30 0.5476041883872368
31 0.5475848954698546
32 0.5475670116861819
33 0.5475497155389596
34 0.5475326239993513
35 0.5475155629143624
36 0.5474984563413727
37 0.5474812735810148
38 0.5474640040928673
39 0.5474466458080575
40 0.5474291998234766
41 0.5474116680962413
42 0.5473940525200263
43 0.5473763546168724
44 0.5473585754874406
45 0.5473407158576836
46 0.5473227761515636
47 0.5473047565616731
48 0.5472866571083942
49 0.5472684776861211
50 0.547250218098012
51 0.5472318780815073
52 0.5472134573267992
53 0.5471949554900678
54 0.5471763722029064
55 0.5471577070790058
56 0.5471389597188778
57 0.5471201297131909
58 0.5471012166451199
59 0.5470822200920002
60 0.5470631396264944
61 0.5470439748174117
62 0.5470247252302869
63 0.5470053904277875
64 0.5469859699700031
65 0.546966463414648
66 0.5469468703172077
67 0.5469271902310424
68 0.546907422707462
69 0.5468875672957813
70 0.5468676235433605
71 0.5468475909956365
72 0.5468274691961472
73 0.546807257686551
74 0.5467869560066441
75 0.5467665636943739
76 0.5467460802858538
77 0.546725505315374
78 0.546704838315415
79 0.5466840788166594
80 0.5466632263480025
81 0.5466422804365664
82 0.546621240607711
83 0.546600106385048
84 0.546578877290453
85 0.54655755284408
86 0.5465361325643754
87 0.5465146159680925
88 0.5464930025703068
89 0.5464712918844318
90 0.5464494834222353
91 0.5464275766938564
92 0.5464055712078228
93 0.5463834664710691
94 0.5463612619889553
95 0.5463389572652865
96 0.5463165518023323
97 0.5462940451008483
98 0.5462714366600968
99 0.5462487259778688
100 0.5462259125505068
101 0.5462029958729281
102 0.5461799754386495
103 0.5461568507398112
104 0.546133621267203
105 0.5461102865102901
106 0.5460868459572414
107 0.5460632990949553
108 0.5460396454090904
109 0.5460158843840943
110 0.5459920155032327
111 0.5459680382486223
112 0.5459439521012622
113 0.5459197565410661
114 0.5458954510468957
115 0.5458710350965978
116 0.5458465081670364
117 0.5458218697341317
118 0.5457971192728954
119 0.5457722562574707
120 0.5457472801611708
121 0.5457221904565189
122 0.5456969866152892
123 0.5456716681085505
124 0.5456462344067071
125 0.5456206849795455
126 0.5455950192962773
127 0.5455692368255879
128 0.5455433370356815
129 0.5455173193943319
130 0.5454911833689303
131 0.5454649284265374
132 0.5454385540339337
133 0.545412059657674
134 0.5453854447641411
135 0.5453587088196005
136 0.5453318512902579
137 0.5453048716423166
138 0.5452777693420359
139 0.5452505438557922
140 0.5452231946501402
141 0.5451957211918754
142 0.5451681229480982
143 0.5451403993862796
144 0.5451125499743272
145 0.5450845741806538
146 0.5450564714742466
147 0.5450282413247376
148 0.5449998832024756
149 0.5449713965786
150 0.5449427809251158
151 0.544914035714969
152 0.5448851604221253
153 0.5448561545216487
154 0.5448270174897818
155 0.5447977488040288
156 0.5447683479432381
157 0.5447388143876879
158 0.5447091476191722
159 0.5446793471210901
160 0.5446494123785337
161 0.5446193428783804
162 0.5445891381093856
163 0.5445587975622764
164 0.544528320729848
165 0.5444977071070607
166 0.5444669561911394
167 0.5444360674816738
168 0.5444050404807216
169 0.5443738746929108
170 0.5443425696255466
171 0.5443111247887187
172 0.5442795396954087
173 0.5442478138616025
174 0.5442159468064008
175 0.5441839380521342
176 0.5441517871244775
177 0.5441194935525687
178 0.5440870568691255
179 0.5440544766105684
180 0.5440217523171406
181 0.5439888835330339
182 0.5439558698065134
183 0.543922710690045
184 0.5438894057404242
185 0.5438559545189077
186 0.5438223565913445
187 0.5437886115283117
188 0.5437547189052486
189 0.5437206783025956
190 0.5436864893059322
191 0.5436521515061192
192 0.5436176644994396
193 0.5435830278877438
194 0.5435482412785957
195 0.5435133042854189
196 0.5434782165276466
197 0.5434429776308725
198 0.5434075872270019
199 0.5433720449544069
200 0.5433363504580808
201 0.5433005033897955
202 0.5432645034082598
203 0.5432283501792791
204 0.5431920433759172
205 0.5431555826786589
206 0.5431189677755748
207 0.5430821983624865
208 0.5430452741431335
209 0.5430081948293423
210 0.5429709601411956
211 0.5429335698072035
212 0.5428960235644764
213 0.5428583211588969
214 0.5428204623452957
215 0.5427824468876276
216 0.5427442745591475
217 0.5427059451425884
218 0.542667458430341
219 0.5426288142246332
220 0.5425900123377105
221 0.5425510525920182
222 0.5425119348203836
223 0.5424726588661993
224 0.542433224583607
225 0.5423936318376816
226 0.5423538805046174
227 0.5423139704719123
228 0.5422739016385547
229 0.5422336739152104
230 0.5421932872244073
231 0.5421527415007249
232 0.5421120366909796
233 0.542071172754413
234 0.542030149662878
235 0.5419889674010273
236 0.5419476259664994
237 0.5419061253701055
238 0.5418644656360164
239 0.5418226468019485
240 0.5417806689193484
241 0.5417385320535791
242 0.5416962362841039
243 0.5416537817046687
244 0.5416111684234869
245 0.5415683965634185
246 0.5415254662621525
247 0.5414823776723852
248 0.5414391309619984
249 0.5413957263142365
250 0.5413521639278808
251 0.5413084440174232
252 0.5412645668132385
253 0.5412205325617535
254 0.5411763415256143
255 0.5411319939838538
256 0.5410874902320533
257 0.5410428305825047
258 0.5409980153643683
259 0.5409530449238298
260 0.5409079196242526
261 0.5408626398463285
262 0.5408172059882256
263 0.5407716184657309
264 0.5407258777123933
265 0.5406799841796595
266 0.540633938337008
267 0.5405877406720809
268 0.5405413916908082
269 0.5404948919175313
270 0.5404482418951214
271 0.5404014421850926
272 0.5403544933677129
273 0.5403073960421074
274 0.5402601508263603
275 0.5402127583576096
276 0.540165219292138
277 0.5401175343054571
278 0.5400697040923891
279 0.5400217293671405
280 0.5399736108633714
281 0.539925349334259
282 0.5398769455525549
283 0.5398284003106368
284 0.5397797144205543
285 0.5397308887140664
286 0.5396819240426769
287 0.5396328212776584
288 0.5395835813100724
289 0.5395342050507823
290 0.5394846934304585
291 0.5394350473995778
292 0.5393852679284145
293 0.5393353560070241
294 0.5392853126452206
295 0.5392351388725447
296 0.5391848357382268
297 0.5391344043111388
298 0.5390838456797409
299 0.5390331609520187
300 0.5389823512554135
301 0.5389314177367427
302 0.5388803615621136
303 0.538829183916828
304 0.5387778860052775
305 0.5387264690508324
306 0.5386749342957199
307 0.5386232830008946
308 0.5385715164458994
309 0.5385196359287194
310 0.5384676427656248
311 0.5384155382910055
312 0.5383633238571981
313 0.5383110008343017
314 0.5382585706099863
315 0.538206034589291
316 0.5381533941944143
317 0.5381006508644948
318 0.5380478060553819
319 0.5379948612393985
320 0.537941817905095
321 0.5378886775569924
322 0.5378354417153187
323 0.5377821119157341
324 0.5377286897090487
325 0.5376751766609309
326 0.5376215743516064
327 0.5375678843755493
328 0.5375141083411636
329 0.5374602478704573
330 0.5374063045987058
331 0.5373522801741087
332 0.537298176257438
333 0.5372439945216774
334 0.5371897366516529
335 0.537135404343658
336 0.5370809993050669
337 0.5370265232539446
338 0.5369719779186454
339 0.5369173650374058
340 0.5368626863579312
341 0.5368079436369724
342 0.5367531386398986
343 0.5366982731402612
344 0.5366433489193522
345 0.5365883677657559
346 0.536533331474895
347 0.5364782418485697
348 0.5364231006944924
349 0.5363679098258157
350 0.5363126710606568
351 0.5362573862216143
352 0.5362020571352839
353 0.5361466856317658
354 0.5360912735441705
355 0.5360358227081203
356 0.5359803349612455
357 0.5359248121426793
358 0.5358692560925481
359 0.5358136686514596
360 0.5357580516599886
361 0.5357024069581592
362 0.5356467363849271
363 0.535591041777658
364 0.5355353249716067
365 0.5354795877993935
366 0.5354238320904811
367 0.5353680596706495
368 0.5353122723614725
369 0.5352564719797934
370 0.5352006603372017
371 0.5351448392395086
372 0.5350890104862276
373 0.5350331758700524
374 0.5349773371763391
375 0.5349214961825888
376 0.5348656546579342
377 0.5348098143626272
378 0.5347539770475311
379 0.5346981444536145
380 0.5346423183114488
381 0.5345865003407114
382 0.534530692249692
383 0.5344748957348011
384 0.5344191124800874
385 0.5343633441567568
386 0.5343075924226981
387 0.5342518589220147
388 0.53419614528456
389 0.5341404531254823
390 0.5340847840447717
391 0.5340291396268179
392 0.5339735214399712
393 0.533917931036113
394 0.5338623699502323
395 0.5338068397000106
396 0.5337513417854126
397 0.5336958776882875
398 0.5336404488719761
399 0.5335850567809274
400 0.5335297028403234
401 0.5334743884557119
402 0.5334191150126492
403 0.5333638838763513
404 0.5333086963913524
405 0.5332535538811768
406 0.5331984576480154
407 0.5331434089724146
408 0.533088409112974
409 0.5330334593060535
410 0.5329785607654907
411 0.5329237146823267
412 0.5328689222245447
413 0.5328141845368147
414 0.5327595027402511
415 0.5327048779321792
416 0.5326503111859118
417 0.5325958035505363
418 0.532541356050711
419 0.5324869696864728
420 0.532432645433053
421 0.5323783842407056
422 0.5323241870345435
423 0.5322700547143859
424 0.5322159881546151
425 0.5321619882040436
426 0.5321080556857906
427 0.5320541913971685
428 0.5320003961095787
429 0.5319466705684182
430 0.531893015492993
431 0.5318394315764449
432 0.5317859194856834
433 0.5317324798613301
434 0.5316791133176695
435 0.5316258204426108
436 0.5315726017976572
437 0.5315194579178841
438 0.5314663893119265
439 0.531413396461973
440 0.53136047982377
441 0.531307639826632
442 0.5312548768734615
443 0.5312021913407753
444 0.5311495835787384
445 0.5310970539112054
446 0.5310446026357691
447 0.5309922300238158
448 0.5309399363205874
449 0.5308877217452496
450 0.530835586490967
451 0.5307835307249837
452 0.530731554588711
453 0.5306796581978178
454 0.5306278416423309
455 0.5305761049867359
456 0.5305244482700875
457 0.5304728715061205
458 0.5304213746833689
459 0.5303699577652864
460 0.5303186206903739
461 0.530267363372309
462 0.5302161857000793
463 0.5301650875381203
464 0.5301140687264564
465 0.5300631290808431
466 0.530012268392915
467 0.5299614864303348
468 0.5299107829369445
469 0.5298601576329188
470 0.5298096102149232
471 0.5297591403562689
472 0.529708747707074
473 0.529658431894424
474 0.5296081925225337
475 0.5295580291729096
476 0.5295079414045147
477 0.5294579287539323
478 0.5294079907355311
479 0.5293581268416307
480 0.5293083365426661
481 0.5292586192873531
482 0.5292089745028536
483 0.5291594015949391
484 0.5291098999481553
485 0.5290604689259845
486 0.5290111078710074
487 0.5289618161050647
488 0.5289125929294155
489 0.5288634376248966
490 0.5288143494520786
491 0.52876532765142
492 0.5287163714434218
493 0.5286674800287765
494 0.5286186525885181
495 0.5285698882841692
496 0.528521186257883
497 0.5284725456325874
498 0.5284239655121219
499 0.5283754449813756
500 0.5283269831064193
501 0.5282785789346363
502 0.5282302314948499
503 0.5281819397974477
504 0.5281337028345012
505 0.5280855195798855
506 0.5280373889893912
507 0.5279893100008367
508 0.5279412815341734
509 0.5278933024915905
510 0.5278453717576131
511 0.5277974881991989
512 0.5277496506658287
513 0.5277018579895948
514 0.5276541089852846
515 0.5276064024504601
516 0.5275587371655328
517 0.5275111118938351
518 0.5274635253816875
519 0.5274159763584604
520 0.5273684635366327
521 0.5273209856118463
522 0.5272735412629536
523 0.5272261291520639
524 0.5271787479245833
525 0.52713139620925
526 0.5270840726181663
527 0.527036775746824
528 0.5269895041741276
529 0.5269422564624107
530 0.5268950311574486
531 0.5268478267884669
532 0.5268006418681432
533 0.5267534748926073
534 0.526706324341433
535 0.5266591886776285
536 0.5266120663476188
537 0.5265649557812268
538 0.5265178553916462
539 0.5264707635754119
540 0.5264236787123642
541 0.52637659916561
542 0.5263295232814761
543 0.5262824493894608
544 0.5262353758021784
545 0.5261883008153012
546 0.5261412227074933
547 0.5260941397403431
548 0.5260470501582882
549 0.5259999521885368
550 0.5259528440409847
551 0.5259057239081256
552 0.5258585899649586
553 0.5258114403688892
554 0.5257642732596272
555 0.5257170867590774
556 0.525669878971228
557 0.5256226479820324
558 0.5255753918592863
559 0.5255281086525014
560 0.5254807963927728
561 0.5254334530926417
562 0.5253860767459534
563 0.5253386653277121
564 0.5252912167939281
565 0.5252437290814618
566 0.5251962001078627
567 0.5251486277712042
568 0.5251010099499118
569 0.5250533445025889
570 0.5250056292678345
571 0.5249578620640606
572 0.5249100406893008
573 0.5248621629210152
574 0.5248142265158924
575 0.5247662292096441
576 0.5247181687167959
577 0.5246700427304741
578 0.5246218489221864
579 0.5245735849415989
580 0.5245252484163063
581 0.5244768369516013
582 0.524428348130234
583 0.5243797795121705
584 0.5243311286343451
585 0.5242823930104076
586 0.5242335701304655
587 0.5241846574608227
588 0.5241356524437122
589 0.5240865524970235
590 0.524037355014027
591 0.5239880573630907
592 0.5239386568873953
593 0.5238891509046417
594 0.5238395367067552
595 0.5237898115595827
596 0.5237399727025891
597 0.523690017348543
598 0.523639942683203
599 0.5235897458649951
600 0.5235394240246865
601 0.5234889742650555
602 0.5234383936605536
603 0.523387679256966
604 0.5233368280710636
605 0.5232858370902527
606 0.523234703272218
607 0.5231834235445605
608 0.523131994804432
609 0.5230804139181613
610 0.5230286777208788
611 0.522976783016133
612 0.5229247265755035
613 0.5228725051382076
614 0.5228201154107031
615 0.522767554066284
616 0.5227148177446729
617 0.5226619030516056
618 0.5226088065584132
619 0.5225555248015966
620 0.5225020542823964
621 0.5224483914663574
622 0.522394532782888
623 0.5223404746248135
624 0.5222862133479238
625 0.5222317452705169
626 0.5221770666729348
627 0.5221221737970962
628 0.5220670628460214
629 0.5220117299833533
630 0.5219561713328718
631 0.5219003829780025
632 0.521844360961321
633 0.5217881012840503
634 0.5217315999055521
635 0.5216748527428142
636 0.5216178556699302
637 0.5215606045175756
638 0.5215030950724747
639 0.5214453230768661
640 0.5213872842279589
641 0.521328974177385
642 0.5212703885306443
643 0.5212115228465456
644 0.5211523726366398
645 0.5210929333646488
646 0.521033200445888
647 0.5209731692466825
648 0.520912835083778
649 0.5208521932237458
650 0.5207912388823815
651 0.5207299672240984
652 0.5206683733613144
653 0.5206064523538334
654 0.5205441992082211
655 0.5204816088771744
656 0.5204186762588853
657 0.5203553961963989
658 0.5202917634769658
659 0.5202277728313882
660 0.5201634189333608
661 0.5200986963988059
662 0.5200335997852027
663 0.51996812359091
664 0.5199022622544855
665 0.5198360101539975
666 0.519769361606332
667 0.519702310866494
668 0.519634852126903
669 0.5195669795166846
670 0.5194986871009551
671 0.5194299688801015
672 0.5193608187890566
673 0.5192912306965681
674 0.519221198404465
675 0.5191507156469154
676 0.5190797760896833
677 0.5190083733293769
678 0.5189365008926967
679 0.5188641522356746
680 0.5187913207429119
681 0.518717999726811
682 0.5186441824268044
683 0.518569862008579
684 0.5184950315632965
685 0.5184196841068107
686 0.5183438125788803
687 0.5182674098423796
688 0.518190468682505
689 0.5181129818059795
690 0.5180349418402534
691 0.5179563413327033
692 0.5178771727498279
693 0.5177974284764437
694 0.5177171008148759
695 0.5176361819841501
696 0.5175546641191815
697 0.5174725392699642
698 0.5173897994007577
699 0.517306436389275
700 0.5172224420258706
701 0.5171378080127258
702 0.5170525259630387
703 0.5169665874002123
704 0.516879983757044
705 0.5167927063749187
706 0.5167047465030021
707 0.5166160952974367
708 0.5165267438205416
709 0.5164366830400158
710 0.5163459038281428
711 0.5162543969610043
712 0.5161621531176941
713 0.5160691628795396
714 0.5159754167293293
715 0.5158809050505467
716 0.5157856181266101
717 0.5156895461401221
718 0.5155926791721256
719 0.5154950072013702
720 0.5153965201035875
721 0.5152972076507766
722 0.5151970595105013
723 0.5150960652451996
724 0.5149942143115037
725 0.514891496059576
726 0.5147878997324584
727 0.5146834144654353
728 0.5145780292854157
729 0.5144717331103288
730 0.5143645147485395
731 0.5142563628982835
732 0.5141472661471191
733 0.5140372129714041
734 0.5139261917357902
735 0.5138141906927443
736 0.5137011979820912
737 0.5135872016305847
738 0.5134721895515012
739 0.5133561495442642
740 0.5132390692940979
741 0.5131209363717092
742 0.5130017382330027
743 0.5128814622188291
744 0.5127600955547678
745 0.512637625350945
746 0.5125140386018909
747 0.512389322186434
748 0.5122634628676372
749 0.5121364472927767
750 0.5120082619933641
751 0.5118788933852144
752 0.5117483277685615
753 0.5116165513282229
754 0.5114835501338163
755 0.5113493101400288
756 0.5112138171869399
757 0.511077057000404
758 0.5109390151924894
759 0.5107996772619807
760 0.5106590285949426
761 0.51051705446535
762 0.5103737400357865
763 0.5102290703582109
764 0.5100830303747979
765 0.5099356049188528
766 0.5097867787158029
767 0.5096365363842689
768 0.5094848624372184
769 0.5093317412832037
770 0.5091771572276873
771 0.5090210944744573
772 0.5088635371271346
773 0.5087044691907769
774 0.50854387457358
775 0.5083817370886794
776 0.5082180404560586
777 0.5080527683045601
778 0.5078859041740108
779 0.5077174315174561
780 0.5075473337035127
781 0.5073755940188394
782 0.5072021956707298
783 0.5070271217898308
784 0.5068503554329888
785 0.5066718795862292
786 0.5064916771678672
787 0.5063097310317626
788 0.5061260239707096
789 0.5059405387199766
790 0.5057532579609909
791 0.5055641643251759
792 0.5053732403979438
793 0.5051804687228452
794 0.5049858318058797
795 0.5047893121199746
796 0.5045908921096272
797 0.5043905541957214
798 0.5041882807805188
799 0.5039840542528269
800 0.5037778569933493
801 0.5035696713802197
802 0.5033594797947243
803 0.5031472646272148
804 0.5029330082832139
805 0.5027166931897199
806 0.5024983018017091
807 0.5022778166088411
808 0.50205522014237
809 0.5018304949822634
810 0.5016036237645309
811 0.5013745891887673
812 0.5011433740259087
813 0.5009099611262087
814 0.5006743334274314
815 0.5004364739632677
816 0.5001963658719735
817 0.4999539924052323
818 0.4997093369372445
819 0.4994623829740438
820 0.499213114163039
821 0.49896151430278857
822 0.49870756735300004
823 0.4984512574447616
824 0.4981925688910008
825 0.49793148619717403
826 0.497667994072182
827 0.4974020774395137
828 0.4971337214486158
829 0.49686291148648615
830 0.4965896331894896
831 0.49631387245539393
832 0.49603561545562214
833 0.4957548486477198
834 0.4954715587880312
835 0.4951857329445838
836 0.49489735851017297
837 0.49460642321564474
838 0.4943129151433701
839 0.4940168227409044
840 0.49371813483482674
841 0.49341684064475205
842 0.49311292979750804
843 0.4928063923414684
844 0.49249721876103614
845 0.4921853999912651
846 0.4918709274326117
847 0.49155379296580576
848 0.4912339889668307
849 0.49091150832199937
850 0.49058634444311655
851 0.4902584912827122
852 0.4899279433493333
853 0.4895946957228816
854 0.4892587440699806
855 0.4889200846593566
856 0.48857871437722034
857 0.4882346307426272
858 0.4878878319228067
859 0.48753831674843473
860 0.4871860847288365
861 0.48683113606709705
862 0.48647347167506266
863 0.48611309318820994
864 0.48575000298036214
865 0.485384204178234
866 0.4850157006757791
867 0.4846444971483177
868 0.4842705990664262
869 0.4838940127095577
870 0.4835147451793753
871 0.48313280441277057
872 0.48274819919454265
873 0.48236093916971373
874 0.4819710348554549
875 0.481578497652595
876 0.4811833398566884
877 0.4807855746686143
878 0.48038521620468216
879 0.4799822795062135
880 0.4795767805485795
881 0.4791687362496615
882 0.47875816447771147
883 0.4783450840585871
884 0.4779295147823314
885 0.4775114774090758
886 0.4770909936742367
887 0.47666808629298574
888 0.47624277896396444
889 0.4758150963722214
890 0.4753850641913501
891 0.4749527090848017
892 0.4745180587063534
893 0.47408114169971205
894 0.4736419876972294
895 0.4732006273177156
896 0.4727570921633276
897 0.47231141481552097
898 0.4718636288300445
899 0.4714137687309699
900 0.4709618700037377
901 0.47050796908721293
902 0.4700521033647386
903 0.4695943111541804
904 0.469134631696955
905 0.46867310514603966
906 0.4682097725529575
907 0.46774467585374047
908 0.4672778578538695
909 0.4668093622121958
910 0.46633923342384576
911 0.4658675168021218
912 0.46539425845940247
913 0.4649195052870564
914 0.4644433049343815
915 0.4639657057865889
916 0.46348675694184027
917 0.4630065081873701
918 0.4625250099747028
919 0.4620423133939976
920 0.4615584701475405
921 0.4610735325224156
922 0.4605875533623826
923 0.4601005860389935
924 0.4596126844219825
925 0.4591239028489628
926 0.4586342960944695
927 0.4581439193383863
928 0.4576528281337965
929 0.45716107837430053
930 0.4566687262608427
931 0.4561758282680951
932 0.45568244111043804
933 0.4551886217075907
934 0.4546944271499386
935 0.45419991466360166
936 0.4537051415753006
937 0.4532101652770658
938 0.4527150431908422
939 0.45221983273304056
940 0.4517245912790875
941 0.4512293761280244
942 0.45073424446720833
943 0.45023925333716475
944 0.44974445959664366
945 0.44924991988793106
946 0.44875569060246284
947 0.4482618278467929
948 0.4477683874089646
949 0.4472754247253282
950 0.4467829948478581
951 0.4462911524120088
952 0.44579995160515584
953 0.4453094461356658
954 0.44481968920263293
955 0.444330733466325
956 0.4438426310193735
957 0.44335543335874616
958 0.442869191358533
959 0.44238395524358165
960 0.44189977456400736
961 0.4414166981706104
962 0.4409347741912215
963 0.4404540500080042
964 0.4399745722357318
965 0.4394963867010577
966 0.4390195384228011
967 0.4385440715932566
968 0.438070029560543
969 0.43759745481200196
970 0.43712638895865386
971 0.4366568727207175
972 0.4361889459141923
973 0.435722647438515
974 0.43525801526527685
975 0.4347950864280098
976 0.4343338970130307
977 0.4338744821513383
978 0.4334168760115544
979 0.4329611117938993
980 0.43250722172518863
981 0.4320552370548375
982 0.4316051880518562
983 0.4311571040028226
984 0.43071101321080896
985 0.4302669429952459
986 0.42982491969270264
987 0.42938496865855946
988 0.428947114269549
989 0.4285113799271453
990 0.4280777880617689
991 0.42764636013778945
992 0.4272171166592913
993 0.4267900771765817
994 0.4263652602934074
995 0.4259426836748542
996 0.4255223640559014
997 0.4251043172505986
998 0.4246885581618375
999 0.4242751007916899
1000 0.4238639582522794
1001 0.42345514277715895
1002 0.42304866573316624
1003 0.42264453763272125
1004 0.422242768146546
1005 0.42184336611676865
1006 0.42144633957038835
1007 0.42105169573307133
1008 0.42065944104324937
1009 0.42026958116649415
1010 0.4198821210101413
1011 0.4194970647381351
1012 0.4191144157860718
1013 0.4187341768764128
1014 0.41835635003384586
1015 0.4179809366007688
1016 0.41760793725287404
1017 0.41723735201481094
1018 0.4168691802759035
1019 0.41650342080590314
1020 0.4161400717707591
1021 0.4157791307483816
1022 0.4154205947443841
1023 0.41506446020778576
1024 0.4147107230466537
1025 0.4143593786436765
1026 0.41401042187164416
1027 0.41366384710882775
1028 0.4133196482542413
1029 0.4129778187427722
1030 0.4126383515601699
1031 0.41230123925788287
1032 0.4119664739677253
1033 0.41163404741637544
1034 0.4113039509396845
1035 0.41097617549679544
1036 0.4106507116840607
1037 0.41032754974874985
1038 0.410006679602544
1039 0.4096880908348097
1040 0.4093717727256435
1041 0.4090577142586882
1042 0.40874590413371137
1043 0.40843633077894465
1044 0.4081289823631803
1045 0.40782384680762246
1046 0.4075209117974879
1047 0.4072201647933614
1048 0.40692159304229425
1049 0.4066251835886555
1050 0.40633092328472575
1051 0.40603879880104005
1052 0.40574879663647884
1053 0.40546090312810124
1054 0.40517510446073274
1055 0.4048913866762958
1056 0.40460973568289627
1057 0.4043301372636565
1058 0.4040525770853069
1059 0.403777040706531
1060 0.40350351358606784
1061 0.40323198109057706
1062 0.40296242850226704
1063 0.4026948410262862
1064 0.4024292037978885
1065 0.4021655018893662
1066 0.40190372031676075
1067 0.4016438440463528
1068 0.4013858580009325
1069 0.40112974706585797
1070 0.40087549609490075
1071 0.40062308991588735
1072 0.40037251333613555
1073 0.40012375114769194
1074 0.3998767881323745
1075 0.3996316090666243
1076 0.3993881987261676
1077 0.39914654189049703
1078 0.3989066233471701
1079 0.3986684278959354
1080 0.39843194035268314
1081 0.39819714555323155
1082 0.3979640283569459
1083 0.39773257365020076
1084 0.3975027663496835
1085 0.3972745914055466
1086 0.3970480338044108
1087 0.39682307857222343
1088 0.39659971077697803
1089 0.3963779155312923
1090 0.3961576779948557
1091 0.39593898337674605
1092 0.395721816937619
1093 0.3955061639917742
1094 0.39529200990910274
1095 0.39507934011691764
1096 0.3948681401016716
1097 0.3946583954105637
1098 0.394450091653042
1099 0.3942432145021989
1100 0.3940377496960706
1101 0.39383368303883515
1102 0.3936310004019182
1103 0.39342968772500514
1104 0.393229731016968
1105 0.39303111635670135
1106 0.3928338298938777
1107 0.3926378578496221
1108 0.3924431865171064
1109 0.3922498022620695
1110 0.39205769152326236
1111 0.39186684081282364
1112 0.39167723671658444
1113 0.39148886589430815
1114 0.3913017150798622
1115 0.39111577108133355
1116 0.39093102078107556
1117 0.3907474511357035
1118 0.3905650491760283
1119 0.39038380200693806
1120 0.390203696807225
1121 0.39002472082936196
1122 0.3898468613992287
1123 0.3896701059157879
1124 0.3894944418507198
1125 0.3893198567480048
1126 0.3891463382234681
1127 0.38897387396427696
1128 0.3888024517284018
1129 0.38863205934403267
1130 0.3884626847089607
1131 0.38829431578991924
1132 0.3881269406218908
1133 0.3879605473073775
1134 0.3877951240156371
1135 0.3876306589818858
1136 0.38746714050646935
1137 0.38730455695400146
1138 0.38714289675247165
1139 0.3869821483923239
1140 0.38682230042550503
1141 0.38666334146448567
1142 0.3865052601812519
1143 0.386348045306271
1144 0.3861916856274298
1145 0.38603616998894685
1146 0.3858814872902595
1147 0.3857276264848849
1148 0.3855745765792564
1149 0.38542232663153714
1150 0.3852708657504068
1151 0.38512018309382656
1152 0.3849702678677809
1153 0.38482110932499347
1154 0.3846726967636249
1155 0.38452501952594065
1156 0.38437806699696386
1157 0.38423182860309996
1158 0.38408629381074083
1159 0.3839414521248467
1160 0.38379729308750465
1161 0.3836538062764653
1162 0.3835109813036569
1163 0.3833688078136753
1164 0.38322727548225377
1165 0.3830863740147063
1166 0.3829460931443518
1167 0.3828064226309109
1168 0.38266735225888243
1169 0.3825288718358928
1170 0.38239097119102494
1171 0.38225364017311814
1172 0.3821168686490468
1173 0.3819806465019714
1174 0.38184496362956466
1175 0.3817098099422108
1176 0.38157517536117846
1177 0.3814410498167658
1178 0.38130742324641753
1179 0.3811742855928135
1180 0.3810416268019291
1181 0.38090943682106315
1182 0.38077770559683755
1183 0.38064642307316543
1184 0.3805155791891842
1185 0.38038516387716015
1186 0.380255167060355
1187 0.38012557865086083
1188 0.3799963885473965
1189 0.3798675866330692
1190 0.3797391627730988
1191 0.3796111068125015
1192 0.3794834085737343
1193 0.37935605785429916
1194 0.37922904442430516
1195 0.37910235802398473
1196 0.3789759883611684
1197 0.3788499251087121
1198 0.37872415790187586
1199 0.37859867633565525
1200 0.37847346996206244
1201 0.3783485282873549
1202 0.3782238407692093
1203 0.3780993968138441
1204 0.37797518577308054
1205 0.3778511969413496
1206 0.3777274195526352
1207 0.37760384277735753
1208 0.37748045571919076
1209 0.37735724741181503
1210 0.3772342068156005
1211 0.3771113228142214
1212 0.3769885842111961
1213 0.37686597972635416
1214 0.376743497992224
1215 0.3766211275503434
1216 0.3764988568474855
1217 0.3763766742318024
1218 0.376254567948878
1219 0.3761325261376953
1220 0.3760105368265048
1221 0.37588858792860225
1222 0.3757666672380034
1223 0.37564476242501865
1224 0.37552286103172017
1225 0.3754009504673034
1226 0.37527901800333074
1227 0.37515705076886385
1228 0.37503503574547525
1229 0.3749129597621331
1230 0.3747908094899626
1231 0.3746685714368718
1232 0.37454623194204467
1233 0.3744237771702906
1234 0.37430119310625093
1235 0.37417846554845524
1236 0.37405558010322193
1237 0.3739325221784012
1238 0.3738092769769503
1239 0.3736858294903427
1240 0.37356216449179563
1241 0.3734382665293219
1242 0.3733141199185908
1243 0.3731897087355948
1244 0.3730650168091203
1245 0.37294002771300494
1246 0.37281472475818944
1247 0.37268909098454084
1248 0.372563109152454
1249 0.3724367617342159
1250 0.37231003090512393
1251 0.3721828985343567
1252 0.37205534617558345
1253 0.3719273550573043
1254 0.3717989060729139
1255 0.3716699797704782
1256 0.3715405563422159
1257 0.37141061561366945
1258 0.3712801370325653
1259 0.3711490996573422
1260 0.37101748214534147
1261 0.3708852627406488
1262 0.370752419261572
1263 0.3706189290877471
1264 0.37048476914685213
1265 0.3703499159009257
1266 0.37021434533226727
1267 0.37007803292891084
1268 0.3699409536696536
1269 0.36980308200862455
1270 0.3696643918593813
1271 0.3695248565785119
1272 0.36938444894872846
1273 0.3692431411614343
1274 0.36910090479874447
1275 0.3689577108149424
1276 0.3688135295173513
1277 0.3686683305465974
1278 0.3685220828562492
1279 0.36837475469180214
1280 0.3682263135689947
1281 0.36807672625141863
1282 0.36792595872741474
1283 0.3677739761862098
1284 0.3676207429932814
1285 0.3674662226649147
1286 0.36731037784192144
1287 0.3671531702624934
1288 0.36699456073415526
1289 0.36683450910478343
1290 0.36667297423265577
1291 0.3665099139554964
1292 0.3663452850584755
1293 0.3661790432411245
1294 0.3660111430831289
1295 0.3658415380089432
1296 0.36567018025120196
1297 0.3654970208128578
1298 0.3653220094280134
1299 0.3651450945213858
1300 0.36496622316635297
1301 0.3647853410415248
1302 0.36460239238577785
1303 0.36441731995169424
1304 0.36423006495733595
1305 0.36404056703629006
1306 0.3638487641859116
1307 0.3636545927136884
1308 0.3634579871816517
1309 0.3632588803487495
1310 0.363057203111097
1311 0.36285288444001185
1312 0.36264585131774435
1313 0.36243602867079966
1314 0.362223339300749
1315 0.362007703812423
1316 0.3617890405393711
1317 0.36156726546646933
1318 0.3613422921495488
1319 0.36111403163191835
1320 0.36088239235763575
1321 0.3606472800813947
1322 0.36040859777486667
1323 0.36016624552934573
1324 0.3599201204545285
1325 0.3596701165732603
1326 0.35941612471206047
1327 0.359158032387248
1328 0.35889572368645983
1329 0.35862907914536823
1330 0.3583579756193732
1331 0.35808228615005677
1332 0.35780187982616296
1333 0.35751662163886455
1334 0.3572263723310717
1335 0.3569309882405238
1336 0.3566303211363985
1337 0.3563242180491684
1338 0.3560125210934235
1339 0.3556950672833757
1340 0.3553716883407477
1341 0.35504221049475454
1342 0.3547064542738726
1343 0.3543642342890965
1344 0.3540153590083757
1345 0.3536596305219313
1346 0.35329684429815444
1347 0.3529267889297942
1348 0.3525492458701507
1349 0.3521639891590098
1350 0.3517707851380635
1351 0.35136939215559304
1352 0.3509595602602095
1353 0.3505410308834894
1354 0.3501135365113786
1355 0.34967680034429044
1356 0.34923053594587183
1357 0.3487744468804943
1358 0.34830822633958813
1359 0.34783155675703414
1360 0.34734410941393057
1361 0.34684554403316203
1362 0.3463355083643406
1363 0.3458136377598171
1364 0.34527955474265154
1365 0.34473286856759355
1366 0.344173174776346
1367 0.34360005474860955
1368 0.34301307525065317
1369 0.34241178798344346
1370 0.34179572913266626
1371 0.3411644189233063
1372 0.34051736118182063
1373 0.33985404290932925
1374 0.33917393386967487
1375 0.33847648619666554
1376 0.33776113402530006
1377 0.3370272931523032
1378 0.3362743607318551
1379 0.3355017150129841
1380 0.33470871512571576
1381 0.3338947009237088
1382 0.33305899289179053
1383 0.3322008921274812
1384 0.3313196804063158
1385 0.33041462034148034
1386 0.32948495564899277
1387 0.3285299115303744
1388 0.32754869518543817
1389 0.32654049646847677
1390 0.3255044887017401
1391 0.3244398296606291
1392 0.32334566274548404
1393 0.32222111835519607
1394 0.3210653154780616
1395 0.31987736351535145
1396 0.3186563643529028
1397 0.31740141469564964
1398 0.3161116086793402
1399 0.31478604077271405
1400 0.3134238089820607
1401 0.3120240183683471
1402 0.31058578488489985
1403 0.3091082395409128
1404 0.3075905328928318
1405 0.3060318398618171
1406 0.30443136487102884
1407 0.3027883472913919
1408 0.30110206717871624
1409 0.2993718512786482
1410 0.2975970792688649
1411 0.2957771902003219
1412 0.29391168909124943
1413 0.29200015361913706
1414 0.2900422408472911
1415 0.288037693913909
1416 0.2859863486032761
1417 0.28388813971092786
1418 0.2817431071077943
1419 0.2795514014028919
1420 0.2773132891003561
1421 0.2750291571450767
1422 0.2726995167521765
1423 0.27032500641954016
1424 0.2679063940297832
1425 0.26544457795867216
1426 0.2629405871211219
1427 0.26039557990341894
1428 0.2578108419509061
1429 0.2551877828036164
1430 0.25252793139746343
1431 0.24983293047479027
1432 0.2471045299742589
1433 0.24434457949510635
1434 0.24155501995352746
1435 0.2387378745681715
1436 0.2358952393265024
1437 0.23302927309314841
1438 0.23014218752485913
1439 0.227236236954033
1440 0.22431370839408832
1441 0.22137691180573882
1442 0.21842817074430432
1443 0.21546981348566063
1444 0.21250416470360384
1445 0.20953353774569716
1446 0.20656022752950964
1447 0.2035865040578145
1448 0.20061460653097563
1449 0.19764673801820756
1450 0.19468506063725113
1451 0.19173169118445668
1452 0.18878869715425367
1453 0.18585809308813353
1454 0.18294183719803725
1455 0.18004182821660591
1456 0.17715990243641513
1457 0.17429783091107987
1458 0.1714573168023017
1459 0.16863999286770417
1460 0.16584741909410952
1461 0.16308108048926442
1462 0.16034238505158432
1463 0.1576326619420929
1464 0.1549531598853355
1465 0.1523050458266959
1466 0.1496894038724427
1467 0.14710723453615776
1468 0.14455945431127715
1469 0.14204689558460185
1470 0.13957030690008124
1471 0.1371303535763134
1472 0.13472761867523086
1473 0.13236260431367905
1474 0.1300357333041704
1475 0.1277473511062526
1476 0.1254977280657132
1477 0.12328706191538241
1478 0.12111548050862248
1479 0.11898304475468134
1480 0.11688975172396293
1481 0.11483553789085489
1482 0.11282028248198295
1483 0.11084381089858446
1484 0.10890589818299845
1485 0.10700627250097912
1486 0.10514461861357341
1487 0.10332058131456007
1488 0.1015337688118681
1489 0.09978375603389203
